build/app/intermediates/manifest_merge_blame_file/debug/manifest-merger-blame-debug-report.txt
1<?xml version="1.0" encoding="utf-8"?>
2<manifest xmlns:android="http://schemas.android.com/apk/res/android"
3    package="com.example.smart_city_app"
4    android:versionCode="1"
5    android:versionName="1.0.0" >
6
7    <uses-sdk
8        android:minSdkVersion="21"
9        android:targetSdkVersion="34" />
10    <!--
11         The INTERNET permission is required for development. Specifically,
12         the Flutter tool needs it to communicate with the running application
13         to allow setting breakpoints, to provide hot reload, etc.
14    -->
15    <uses-permission android:name="android.permission.INTERNET" />
15-->src/debug/AndroidManifest.xml:6:5-66
15-->src/debug/AndroidManifest.xml:6:22-64
16    <!--
17     Required to query activities that can process text, see:
18         https://developer.android.com/training/package-visibility and
19         https://developer.android.com/reference/android/content/Intent#ACTION_PROCESS_TEXT.
20
21         In particular, this is used by the Flutter engine in io.flutter.plugin.text.ProcessTextPlugin.
22    -->
23    <queries>
23-->src/main/AndroidManifest.xml:39:5-44:15
24        <intent>
24-->src/main/AndroidManifest.xml:40:9-43:18
25            <action android:name="android.intent.action.PROCESS_TEXT" />
25-->src/main/AndroidManifest.xml:41:13-72
25-->src/main/AndroidManifest.xml:41:21-70
26
27            <data android:mimeType="text/plain" />
27-->src/main/AndroidManifest.xml:42:13-50
27-->src/main/AndroidManifest.xml:42:19-48
28        </intent>
29    </queries>
30
31    <uses-permission android:name="android.permission.VIBRATE" />
31-->[:flutter_local_notifications] AndroidManifest.xml:7:5-66
31-->[:flutter_local_notifications] AndroidManifest.xml:7:22-63
32    <uses-permission android:name="android.permission.POST_NOTIFICATIONS" />
32-->[:flutter_local_notifications] AndroidManifest.xml:8:5-77
32-->[:flutter_local_notifications] AndroidManifest.xml:8:22-74
33    <uses-permission
33-->[:open_filex] AndroidManifest.xml:8:5-10:38
34        android:name="android.permission.READ_EXTERNAL_STORAGE"
34-->[:open_filex] AndroidManifest.xml:9:9-64
35        android:maxSdkVersion="32" />
35-->[:open_filex] AndroidManifest.xml:10:9-35
36    <uses-permission android:name="android.permission.READ_MEDIA_IMAGES" />
36-->[:open_filex] AndroidManifest.xml:11:5-76
36-->[:open_filex] AndroidManifest.xml:11:22-73
37    <uses-permission android:name="android.permission.READ_MEDIA_VIDEO" />
37-->[:open_filex] AndroidManifest.xml:12:5-75
37-->[:open_filex] AndroidManifest.xml:12:22-72
38    <uses-permission android:name="android.permission.READ_MEDIA_AUDIO" />
38-->[:open_filex] AndroidManifest.xml:13:5-75
38-->[:open_filex] AndroidManifest.xml:13:22-72
39
40    <permission
40-->[androidx.core:core:1.13.1] AndroidManifest.xml:22:5-24:47
41        android:name="com.example.smart_city_app.DYNAMIC_RECEIVER_NOT_EXPORTED_PERMISSION"
41-->[androidx.core:core:1.13.1] AndroidManifest.xml:23:9-81
42        android:protectionLevel="signature" />
42-->[androidx.core:core:1.13.1] AndroidManifest.xml:24:9-44
43
44    <uses-permission android:name="com.example.smart_city_app.DYNAMIC_RECEIVER_NOT_EXPORTED_PERMISSION" />
44-->[androidx.core:core:1.13.1] AndroidManifest.xml:26:5-97
44-->[androidx.core:core:1.13.1] AndroidManifest.xml:26:22-94
45
46    <application
47        android:name="android.app.Application"
48        android:appComponentFactory="androidx.core.app.CoreComponentFactory"
48-->[androidx.core:core:1.13.1] AndroidManifest.xml:28:18-86
49        android:debuggable="true"
50        android:extractNativeLibs="true"
51        android:icon="@mipmap/ic_launcher"
52        android:label="smart_city_app" >
53        <activity
54            android:name="com.example.smart_city_app.MainActivity"
55            android:configChanges="orientation|keyboardHidden|keyboard|screenSize|smallestScreenSize|locale|layoutDirection|fontScale|screenLayout|density|uiMode"
56            android:exported="true"
57            android:hardwareAccelerated="true"
58            android:launchMode="singleTop"
59            android:taskAffinity=""
60            android:theme="@style/LaunchTheme"
61            android:windowSoftInputMode="adjustResize" >
62
63            <!--
64                 Specifies an Android theme to apply to this Activity as soon as
65                 the Android process has started. This theme is visible to the user
66                 while the Flutter UI initializes. After that, this theme continues
67                 to determine the Window background behind the Flutter UI.
68            -->
69            <meta-data
70                android:name="io.flutter.embedding.android.NormalTheme"
71                android:resource="@style/NormalTheme" />
72
73            <intent-filter>
74                <action android:name="android.intent.action.MAIN" />
75
76                <category android:name="android.intent.category.LAUNCHER" />
77            </intent-filter>
78        </activity>
79        <!--
80             Don't delete the meta-data below.
81             This is used by the Flutter tool to generate GeneratedPluginRegistrant.java
82        -->
83        <meta-data
84            android:name="flutterEmbedding"
85            android:value="2" />
86
87        <provider
87-->[:open_filex] AndroidManifest.xml:16:9-25:20
88            android:name="com.crazecoder.openfile.FileProvider"
88-->[:open_filex] AndroidManifest.xml:17:13-64
89            android:authorities="com.example.smart_city_app.fileProvider.com.crazecoder.openfile"
89-->[:open_filex] AndroidManifest.xml:18:13-88
90            android:exported="false"
90-->[:open_filex] AndroidManifest.xml:19:13-37
91            android:grantUriPermissions="true" >
91-->[:open_filex] AndroidManifest.xml:20:13-47
92            <meta-data
92-->[:open_filex] AndroidManifest.xml:22:13-24:53
93                android:name="android.support.FILE_PROVIDER_PATHS"
93-->[:open_filex] AndroidManifest.xml:23:17-67
94                android:resource="@xml/filepaths" />
94-->[:open_filex] AndroidManifest.xml:24:17-50
95        </provider>
96        <!--
97           Declares a provider which allows us to store files to share in
98           '.../caches/share_plus' and grant the receiving action access
99        -->
100        <provider
100-->[:share_plus] AndroidManifest.xml:13:9-21:20
101            android:name="dev.fluttercommunity.plus.share.ShareFileProvider"
101-->[:share_plus] AndroidManifest.xml:14:13-77
102            android:authorities="com.example.smart_city_app.flutter.share_provider"
102-->[:share_plus] AndroidManifest.xml:15:13-74
103            android:exported="false"
103-->[:share_plus] AndroidManifest.xml:16:13-37
104            android:grantUriPermissions="true" >
104-->[:share_plus] AndroidManifest.xml:17:13-47
105            <meta-data
105-->[:open_filex] AndroidManifest.xml:22:13-24:53
106                android:name="android.support.FILE_PROVIDER_PATHS"
106-->[:open_filex] AndroidManifest.xml:23:17-67
107                android:resource="@xml/flutter_share_file_paths" />
107-->[:open_filex] AndroidManifest.xml:24:17-50
108        </provider>
109        <!--
110           This manifest declared broadcast receiver allows us to use an explicit
111           Intent when creating a PendingItent to be informed of the user's choice
112        -->
113        <receiver
113-->[:share_plus] AndroidManifest.xml:26:9-32:20
114            android:name="dev.fluttercommunity.plus.share.SharePlusPendingIntent"
114-->[:share_plus] AndroidManifest.xml:27:13-82
115            android:exported="false" >
115-->[:share_plus] AndroidManifest.xml:28:13-37
116            <intent-filter>
116-->[:share_plus] AndroidManifest.xml:29:13-31:29
117                <action android:name="EXTRA_CHOSEN_COMPONENT" />
117-->[:share_plus] AndroidManifest.xml:30:17-65
117-->[:share_plus] AndroidManifest.xml:30:25-62
118            </intent-filter>
119        </receiver>
120
121        <activity
121-->[:url_launcher_android] AndroidManifest.xml:8:9-11:74
122            android:name="io.flutter.plugins.urllauncher.WebViewActivity"
122-->[:url_launcher_android] AndroidManifest.xml:9:13-74
123            android:exported="false"
123-->[:url_launcher_android] AndroidManifest.xml:10:13-37
124            android:theme="@android:style/Theme.NoTitleBar.Fullscreen" />
124-->[:url_launcher_android] AndroidManifest.xml:11:13-71
125
126        <uses-library
126-->[androidx.window:window:1.2.0] AndroidManifest.xml:23:9-25:40
127            android:name="androidx.window.extensions"
127-->[androidx.window:window:1.2.0] AndroidManifest.xml:24:13-54
128            android:required="false" />
128-->[androidx.window:window:1.2.0] AndroidManifest.xml:25:13-37
129        <uses-library
129-->[androidx.window:window:1.2.0] AndroidManifest.xml:26:9-28:40
130            android:name="androidx.window.sidecar"
130-->[androidx.window:window:1.2.0] AndroidManifest.xml:27:13-51
131            android:required="false" />
131-->[androidx.window:window:1.2.0] AndroidManifest.xml:28:13-37
132
133        <provider
133-->[androidx.emoji2:emoji2:1.2.0] AndroidManifest.xml:24:9-32:20
134            android:name="androidx.startup.InitializationProvider"
134-->[androidx.emoji2:emoji2:1.2.0] AndroidManifest.xml:25:13-67
135            android:authorities="com.example.smart_city_app.androidx-startup"
135-->[androidx.emoji2:emoji2:1.2.0] AndroidManifest.xml:26:13-68
136            android:exported="false" >
136-->[androidx.emoji2:emoji2:1.2.0] AndroidManifest.xml:27:13-37
137            <meta-data
137-->[androidx.emoji2:emoji2:1.2.0] AndroidManifest.xml:29:13-31:52
138                android:name="androidx.emoji2.text.EmojiCompatInitializer"
138-->[androidx.emoji2:emoji2:1.2.0] AndroidManifest.xml:30:17-75
139                android:value="androidx.startup" />
139-->[androidx.emoji2:emoji2:1.2.0] AndroidManifest.xml:31:17-49
140            <meta-data
140-->[androidx.lifecycle:lifecycle-process:2.7.0] AndroidManifest.xml:29:13-31:52
141                android:name="androidx.lifecycle.ProcessLifecycleInitializer"
141-->[androidx.lifecycle:lifecycle-process:2.7.0] AndroidManifest.xml:30:17-78
142                android:value="androidx.startup" />
142-->[androidx.lifecycle:lifecycle-process:2.7.0] AndroidManifest.xml:31:17-49
143            <meta-data
143-->[androidx.profileinstaller:profileinstaller:1.3.1] AndroidManifest.xml:29:13-31:52
144                android:name="androidx.profileinstaller.ProfileInstallerInitializer"
144-->[androidx.profileinstaller:profileinstaller:1.3.1] AndroidManifest.xml:30:17-85
145                android:value="androidx.startup" />
145-->[androidx.profileinstaller:profileinstaller:1.3.1] AndroidManifest.xml:31:17-49
146        </provider>
147
148        <receiver
148-->[androidx.profileinstaller:profileinstaller:1.3.1] AndroidManifest.xml:34:9-52:20
149            android:name="androidx.profileinstaller.ProfileInstallReceiver"
149-->[androidx.profileinstaller:profileinstaller:1.3.1] AndroidManifest.xml:35:13-76
150            android:directBootAware="false"
150-->[androidx.profileinstaller:profileinstaller:1.3.1] AndroidManifest.xml:36:13-44
151            android:enabled="true"
151-->[androidx.profileinstaller:profileinstaller:1.3.1] AndroidManifest.xml:37:13-35
152            android:exported="true"
152-->[androidx.profileinstaller:profileinstaller:1.3.1] AndroidManifest.xml:38:13-36
153            android:permission="android.permission.DUMP" >
153-->[androidx.profileinstaller:profileinstaller:1.3.1] AndroidManifest.xml:39:13-57
154            <intent-filter>
154-->[androidx.profileinstaller:profileinstaller:1.3.1] AndroidManifest.xml:40:13-42:29
155                <action android:name="androidx.profileinstaller.action.INSTALL_PROFILE" />
155-->[androidx.profileinstaller:profileinstaller:1.3.1] AndroidManifest.xml:41:17-91
155-->[androidx.profileinstaller:profileinstaller:1.3.1] AndroidManifest.xml:41:25-88
156            </intent-filter>
157            <intent-filter>
157-->[androidx.profileinstaller:profileinstaller:1.3.1] AndroidManifest.xml:43:13-45:29
158                <action android:name="androidx.profileinstaller.action.SKIP_FILE" />
158-->[androidx.profileinstaller:profileinstaller:1.3.1] AndroidManifest.xml:44:17-85
158-->[androidx.profileinstaller:profileinstaller:1.3.1] AndroidManifest.xml:44:25-82
159            </intent-filter>
160            <intent-filter>
160-->[androidx.profileinstaller:profileinstaller:1.3.1] AndroidManifest.xml:46:13-48:29
161                <action android:name="androidx.profileinstaller.action.SAVE_PROFILE" />
161-->[androidx.profileinstaller:profileinstaller:1.3.1] AndroidManifest.xml:47:17-88
161-->[androidx.profileinstaller:profileinstaller:1.3.1] AndroidManifest.xml:47:25-85
162            </intent-filter>
163            <intent-filter>
163-->[androidx.profileinstaller:profileinstaller:1.3.1] AndroidManifest.xml:49:13-51:29
164                <action android:name="androidx.profileinstaller.action.BENCHMARK_OPERATION" />
164-->[androidx.profileinstaller:profileinstaller:1.3.1] AndroidManifest.xml:50:17-95
164-->[androidx.profileinstaller:profileinstaller:1.3.1] AndroidManifest.xml:50:25-92
165            </intent-filter>
166        </receiver>
167    </application>
168
169</manifest>